#
# There is insufficient memory for the Java Runtime Environment to continue.
# Native memory allocation (mmap) failed to map 25165824 bytes for Failed to commit area from 0x0000000087800000 to 0x0000000089000000 of length 25165824.
# Possible reasons:
#   The system is out of physical RAM or swap space
#   The process is running with CompressedOops enabled, and the Java Heap may be blocking the growth of the native heap
# Possible solutions:
#   Reduce memory load on the system
#   Increase physical memory or swap space
#   Check if swap backing store is full
#   Decrease Java heap size (-Xmx/-Xms)
#   Decrease number of Java threads
#   Decrease Java thread stack sizes (-Xss)
#   Set larger code cache with -XX:ReservedCodeCacheSize=
#   JVM is running with Unscaled Compressed Oops mode in which the Java heap is
#     placed in the first 4GB address space. The Java Heap base address is the
#     maximum limit for the native heap growth. Please use -XX:HeapBaseMinAddress
#     to set the Java Heap base and to place the Java Heap above 4GB virtual address.
# This output file may be truncated or incomplete.
#
#  Out of Memory Error (./src/hotspot/os/windows/os_windows.cpp:3619), pid=8992, tid=16472
#
# JRE version: OpenJDK Runtime Environment (11.0.13) (build 11.0.13+0-b1751.21-8125866)
# Java VM: OpenJDK 64-Bit Server VM (11.0.13+0-b1751.21-8125866, mixed mode, tiered, compressed oops, g1 gc, windows-amd64)
# No core dump will be written. Minidumps are not enabled by default on client versions of Windows
#

---------------  S U M M A R Y ------------

Command Line: --add-opens=java.base/java.util=ALL-UNNAMED --add-opens=java.base/java.lang=ALL-UNNAMED --add-opens=java.base/java.lang.invoke=ALL-UNNAMED --add-opens=java.base/java.util=ALL-UNNAMED --add-opens=java.prefs/java.util.prefs=ALL-UNNAMED --add-opens=java.prefs/java.util.prefs=ALL-UNNAMED --add-opens=java.base/java.nio.charset=ALL-UNNAMED --add-opens=java.base/java.net=ALL-UNNAMED --add-opens=java.base/java.util.concurrent.atomic=ALL-UNNAMED -Xmx2048m -Dfile.encoding=UTF-8 -Duser.country=VN -Duser.language=vi -Duser.variant org.gradle.launcher.daemon.bootstrap.GradleDaemon 7.4

Host: AMD Ryzen 7 5700U with Radeon Graphics         , 16 cores, 7G,  Windows 11 , 64 bit Build 22621 (10.0.22621.2506)
Time: Wed Dec 27 11:53:07 2023 SE Asia Standard Time elapsed time: 7.673231 seconds (0d 0h 0m 7s)

---------------  T H R E A D  ---------------

Current thread (0x000001edaeb44800):  VMThread "VM Thread" [stack: 0x000000df9f600000,0x000000df9f700000] [id=16472]

Stack: [0x000000df9f600000,0x000000df9f700000]
[error occurred during error reporting (printing stack bounds), id 0xc0000005, EXCEPTION_ACCESS_VIOLATION (0xc0000005) at pc=0x000001ed96dd112d]

Native frames: (J=compiled Java code, j=interpreted, Vv=VM code, C=native code)
V  [jvm.dll+0x6100fa]
V  [jvm.dll+0x747090]
V  [jvm.dll+0x7486ad]
V  [jvm.dll+0x748ce5]
V  [jvm.dll+0x748c9b]
V  [jvm.dll+0x60f224]
V  [jvm.dll+0x60f9b8]
C  [ntdll.dll+0xa441f]
C  [ntdll.dll+0x1e466]
C  [ntdll.dll+0xa340e]
C  0x000001ed96dd112d

VM_Operation (0x000000dfa08f0ce0): G1CollectForAllocation, mode: safepoint, requested by thread 0x000001edb4ae6000


---------------  P R O C E S S  ---------------

Threads class SMR info:
_java_thread_list=0x000001edb6a04510, length=35, elements={
0x000001ed932bc000, 0x000001edae326000, 0x000001edae329000, 0x000001edaeb56800,
0x000001edaeb57800, 0x000001edaeb58800, 0x000001edaeb5b800, 0x000001edaeb5c800,
0x000001edaeba4800, 0x000001edaed0c800, 0x000001edb4019800, 0x000001edb48fd800,
0x000001edaf750800, 0x000001edb46e7000, 0x000001edaf7ac000, 0x000001edb4ae3800,
0x000001edb4ae6000, 0x000001edb4ade800, 0x000001edb4adf800, 0x000001edb4ae0800,
0x000001edb4a32800, 0x000001edb4a35000, 0x000001edb4a35800, 0x000001edb4a36800,
0x000001edb4a31800, 0x000001edb4a31000, 0x000001edb4a33800, 0x000001edb4a37800,
0x000001edb4a34000, 0x000001edb4f73000, 0x000001edb4de6000, 0x000001edb4f6f000,
0x000001edb4f6f800, 0x000001edb4f70800, 0x000001edb4f71800
}

Java Threads: ( => current thread )
  0x000001ed932bc000 JavaThread "main" [_thread_blocked, id=11476, stack(0x000000df9f000000,0x000000df9f100000)]
  0x000001edae326000 JavaThread "Reference Handler" daemon [_thread_blocked, id=6816, stack(0x000000df9f700000,0x000000df9f800000)]
  0x000001edae329000 JavaThread "Finalizer" daemon [_thread_blocked, id=21624, stack(0x000000df9f800000,0x000000df9f900000)]
  0x000001edaeb56800 JavaThread "Signal Dispatcher" daemon [_thread_blocked, id=12388, stack(0x000000df9f900000,0x000000df9fa00000)]
  0x000001edaeb57800 JavaThread "Attach Listener" daemon [_thread_blocked, id=11780, stack(0x000000df9fa00000,0x000000df9fb00000)]
  0x000001edaeb58800 JavaThread "Service Thread" daemon [_thread_blocked, id=6464, stack(0x000000df9fb00000,0x000000df9fc00000)]
  0x000001edaeb5b800 JavaThread "C2 CompilerThread0" daemon [_thread_in_native, id=12120, stack(0x000000df9fc00000,0x000000df9fd00000)]
  0x000001edaeb5c800 JavaThread "C1 CompilerThread0" daemon [_thread_blocked, id=22124, stack(0x000000df9fd00000,0x000000df9fe00000)]
  0x000001edaeba4800 JavaThread "Sweeper thread" daemon [_thread_blocked, id=22136, stack(0x000000df9fe00000,0x000000df9ff00000)]
  0x000001edaed0c800 JavaThread "Common-Cleaner" daemon [_thread_blocked, id=14424, stack(0x000000df9ff00000,0x000000dfa0000000)]
  0x000001edb4019800 JavaThread "Daemon health stats" [_thread_blocked, id=9920, stack(0x000000dfa0200000,0x000000dfa0300000)]
  0x000001edb48fd800 JavaThread "Incoming local TCP Connector on port 54342" [_thread_in_native, id=19388, stack(0x000000dfa0300000,0x000000dfa0400000)]
  0x000001edaf750800 JavaThread "Daemon periodic checks" [_thread_blocked, id=25332, stack(0x000000dfa0400000,0x000000dfa0500000)]
  0x000001edb46e7000 JavaThread "Daemon" [_thread_blocked, id=7360, stack(0x000000dfa0500000,0x000000dfa0600000)]
  0x000001edaf7ac000 JavaThread "Handler for socket connection from /127.0.0.1:54342 to /127.0.0.1:54343" [_thread_in_native, id=4888, stack(0x000000dfa0600000,0x000000dfa0700000)]
  0x000001edb4ae3800 JavaThread "Cancel handler" [_thread_blocked, id=9400, stack(0x000000dfa0700000,0x000000dfa0800000)]
  0x000001edb4ae6000 JavaThread "Daemon worker" [_thread_blocked, id=11236, stack(0x000000dfa0800000,0x000000dfa0900000)]
  0x000001edb4ade800 JavaThread "Asynchronous log dispatcher for DefaultDaemonConnection: socket connection from /127.0.0.1:54342 to /127.0.0.1:54343" [_thread_blocked, id=22400, stack(0x000000dfa0900000,0x000000dfa0a00000)]
  0x000001edb4adf800 JavaThread "Stdin handler" [_thread_blocked, id=23864, stack(0x000000dfa0a00000,0x000000dfa0b00000)]
  0x000001edb4ae0800 JavaThread "Daemon client event forwarder" [_thread_blocked, id=13080, stack(0x000000dfa0b00000,0x000000dfa0c00000)]
  0x000001edb4a32800 JavaThread "Cache worker for journal cache (C:\Users\lebac\.gradle\caches\journal-1)" [_thread_blocked, id=18756, stack(0x000000dfa1800000,0x000000dfa1900000)]
  0x000001edb4a35000 JavaThread "File lock request listener" [_thread_in_native, id=9972, stack(0x000000dfa1900000,0x000000dfa1a00000)]
  0x000001edb4a35800 JavaThread "Cache worker for file hash cache (C:\Users\lebac\.gradle\caches\7.4\fileHashes)" [_thread_blocked, id=11872, stack(0x000000dfa1a00000,0x000000dfa1b00000)]
  0x000001edb4a36800 JavaThread "File watcher server" daemon [_thread_in_native, id=16648, stack(0x000000dfa1d00000,0x000000dfa1e00000)]
  0x000001edb4a31800 JavaThread "File watcher consumer" daemon [_thread_blocked, id=14152, stack(0x000000dfa1e00000,0x000000dfa1f00000)]
  0x000001edb4a31000 JavaThread "Cache worker for checksums cache (D:\GitHub\63CLC2-MobiDev\HealthyApp_63133714\.gradle\7.4\checksums)" [_thread_blocked, id=9528, stack(0x000000dfa1f00000,0x000000dfa2000000)]
  0x000001edb4a33800 JavaThread "Cache worker for cache directory md-rule (C:\Users\lebac\.gradle\caches\7.4\md-rule)" [_thread_blocked, id=3776, stack(0x000000dfa2000000,0x000000dfa2100000)]
  0x000001edb4a37800 JavaThread "Cache worker for file hash cache (D:\GitHub\63CLC2-MobiDev\HealthyApp_63133714\.gradle\7.4\fileHashes)" [_thread_blocked, id=5288, stack(0x000000dfa2100000,0x000000dfa2200000)]
  0x000001edb4a34000 JavaThread "Cache worker for cache directory md-supplier (C:\Users\lebac\.gradle\caches\7.4\md-supplier)" [_thread_blocked, id=10228, stack(0x000000dfa2200000,0x000000dfa2300000)]
  0x000001edb4f73000 JavaThread "Cache worker for execution history cache (C:\Users\lebac\.gradle\caches\7.4\executionHistory)" [_thread_blocked, id=9544, stack(0x000000dfa2300000,0x000000dfa2400000)]
  0x000001edb4de6000 JavaThread "C1 CompilerThread1" daemon [_thread_blocked, id=17988, stack(0x000000dfa2400000,0x000000dfa2500000)]
  0x000001edb4f6f000 JavaThread "jar transforms" [_thread_blocked, id=9524, stack(0x000000dfa2500000,0x000000dfa2600000)]
  0x000001edb4f6f800 JavaThread "Cache worker for file content cache (C:\Users\lebac\.gradle\caches\7.4\fileContent)" [_thread_blocked, id=2644, stack(0x000000dfa2600000,0x000000dfa2700000)]
  0x000001edb4f70800 JavaThread "jar transforms Thread 2" [_thread_blocked, id=16180, stack(0x000000dfa2700000,0x000000dfa2800000)]
  0x000001edb4f71800 JavaThread "Cache worker for dependencies-accessors (D:\GitHub\63CLC2-MobiDev\HealthyApp_63133714\.gradle\7.4\dependencies-accessors)" [_thread_blocked, id=19952, stack(0x000000dfa2800000,0x000000dfa2900000)]

Other Threads:
=>0x000001edaeb44800 VMThread "VM Thread" [stack: 0x000000df9f600000,0x000000df9f700000] [id=16472]
  0x000001edaed55800 WatcherThread [stack: 0x000000dfa0000000,0x000000dfa0100000] [id=20720]
  0x000001ed932d5800 GCTaskThread "GC Thread#0" [stack: 0x000000df9f100000,0x000000df9f200000] [id=22532]
  0x000001edb33f5800 GCTaskThread "GC Thread#1" [stack: 0x000000dfa0100000,0x000000dfa0200000] [id=22776]
  0x000001edb4a72800 GCTaskThread "GC Thread#2" [stack: 0x000000dfa0c00000,0x000000dfa0d00000] [id=6004]
  0x000001edb4a74000 GCTaskThread "GC Thread#3" [stack: 0x000000dfa0d00000,0x000000dfa0e00000] [id=5584]
  0x000001edb4a74800 GCTaskThread "GC Thread#4" [stack: 0x000000dfa0e00000,0x000000dfa0f00000] [id=13924]
  0x000001edb49a4000 GCTaskThread "GC Thread#5" [stack: 0x000000dfa0f00000,0x000000dfa1000000] [id=18936]
  0x000001edb4cae000 GCTaskThread "GC Thread#6" [stack: 0x000000dfa1000000,0x000000dfa1100000] [id=7688]
  0x000001edb4cb0000 GCTaskThread "GC Thread#7" [stack: 0x000000dfa1100000,0x000000dfa1200000] [id=3648]
  0x000001edb4caf000 GCTaskThread "GC Thread#8" [stack: 0x000000dfa1200000,0x000000dfa1300000] [id=10832]
  0x000001edb4cad000 GCTaskThread "GC Thread#9" [stack: 0x000000dfa1300000,0x000000dfa1400000] [id=12632]
  0x000001edb4cae800 GCTaskThread "GC Thread#10" [stack: 0x000000dfa1400000,0x000000dfa1500000] [id=25408]
  0x000001edb4cb0800 GCTaskThread "GC Thread#11" [stack: 0x000000dfa1500000,0x000000dfa1600000] [id=25504]
  0x000001edb4caa000 GCTaskThread "GC Thread#12" [stack: 0x000000dfa1600000,0x000000dfa1700000] [id=8856]
  0x000001ed9330b800 ConcurrentGCThread "G1 Main Marker" [stack: 0x000000df9f200000,0x000000df9f300000] [id=17388]
  0x000001ed9330d800 ConcurrentGCThread "G1 Conc#0" [stack: 0x000000df9f300000,0x000000df9f400000] [id=20516]
  0x000001edb4cac800 ConcurrentGCThread "G1 Conc#1" [stack: 0x000000dfa1b00000,0x000000dfa1c00000] [id=21148]
  0x000001edb4cab000 ConcurrentGCThread "G1 Conc#2" [stack: 0x000000dfa1c00000,0x000000dfa1d00000] [id=18000]
  0x000001edae17a800 ConcurrentGCThread "G1 Refine#0" [stack: 0x000000df9f400000,0x000000df9f500000] [id=15984]
  0x000001edb4a2e000 ConcurrentGCThread "G1 Refine#1" [stack: 0x000000dfa1700000,0x000000dfa1800000] [id=25564]
  0x000001edae17d000 ConcurrentGCThread "G1 Young RemSet Sampling" [stack: 0x000000df9f500000,0x000000df9f600000] [id=2700]

Threads with active compile tasks:
C2 CompilerThread0   7698 3887       4       java.net.URLClassLoader$1::run (5 bytes)

VM state:at safepoint (normal execution)

VM Mutex/Monitor currently owned by a thread:  ([mutex/lock_event])
[0x000001ed932b8260] Threads_lock - owner thread: 0x000001edaeb44800
[0x000001ed932b70f0] Heap_lock - owner thread: 0x000001edb4ae6000

Heap address: 0x0000000080000000, size: 2048 MB, Compressed Oops mode: 32-bit
Narrow klass base: 0x0000000000000000, Narrow klass shift: 3
Compressed class space size: 1073741824 Address: 0x0000000100000000

Heap:
 garbage-first heap   total 147456K, used 29074K [0x0000000080000000, 0x0000000100000000)
  region size 1024K, 7 young (7168K), 7 survivors (7168K)
 Metaspace       used 43094K, capacity 44007K, committed 44112K, reserved 1087488K
  class space    used 5475K, capacity 5838K, committed 5888K, reserved 1048576K
Heap Regions: E=young(eden), S=young(survivor), O=old, HS=humongous(starts), HC=humongous(continues), CS=collection set, F=free, A=archive, TAMS=top-at-mark-start (previous, next)
|   0|0x0000000080000000, 0x0000000080100000, 0x0000000080100000|100%| O|  |TAMS 0x0000000080100000, 0x0000000080000000| Untracked 
|   1|0x0000000080100000, 0x0000000080200000, 0x0000000080200000|100%| O|  |TAMS 0x0000000080200000, 0x0000000080100000| Untracked 
|   2|0x0000000080200000, 0x0000000080300000, 0x0000000080300000|100%| O|  |TAMS 0x0000000080300000, 0x0000000080200000| Untracked 
|   3|0x0000000080300000, 0x0000000080400000, 0x0000000080400000|100%|HS|  |TAMS 0x0000000080400000, 0x0000000080300000| Complete 
|   4|0x0000000080400000, 0x0000000080500000, 0x0000000080500000|100%|HC|  |TAMS 0x0000000080500000, 0x0000000080400000| Complete 
|   5|0x0000000080500000, 0x0000000080600000, 0x0000000080600000|100%|HC|  |TAMS 0x0000000080600000, 0x0000000080500000| Complete 
|   6|0x0000000080600000, 0x0000000080700000, 0x0000000080700000|100%| O|  |TAMS 0x0000000080700000, 0x0000000080600000| Untracked 
|   7|0x0000000080700000, 0x0000000080800000, 0x0000000080800000|100%| O|  |TAMS 0x0000000080800000, 0x0000000080700000| Untracked 
|   8|0x0000000080800000, 0x0000000080900000, 0x0000000080900000|100%| O|  |TAMS 0x0000000080900000, 0x0000000080800000| Untracked 
|   9|0x0000000080900000, 0x0000000080a00000, 0x0000000080a00000|100%| O|  |TAMS 0x0000000080a00000, 0x0000000080900000| Untracked 
|  10|0x0000000080a00000, 0x0000000080b00000, 0x0000000080b00000|100%| O|  |TAMS 0x0000000080b00000, 0x0000000080a00000| Untracked 
|  11|0x0000000080b00000, 0x0000000080c00000, 0x0000000080c00000|100%| O|  |TAMS 0x0000000080c00000, 0x0000000080b00000| Untracked 
|  12|0x0000000080c00000, 0x0000000080d00000, 0x0000000080d00000|100%| O|  |TAMS 0x0000000080d00000, 0x0000000080c00000| Untracked 
|  13|0x0000000080d00000, 0x0000000080e00000, 0x0000000080e00000|100%| O|  |TAMS 0x0000000080e00000, 0x0000000080d00000| Untracked 
|  14|0x0000000080e00000, 0x0000000080f00000, 0x0000000080f00000|100%| O|  |TAMS 0x0000000080f00000, 0x0000000080e00000| Untracked 
|  15|0x0000000080f00000, 0x0000000081000000, 0x0000000081000000|100%| O|  |TAMS 0x0000000081000000, 0x0000000080f00000| Untracked 
|  16|0x0000000081000000, 0x0000000081100000, 0x0000000081100000|100%| O|  |TAMS 0x000000008107ce00, 0x0000000081000000| Untracked 
|  17|0x0000000081100000, 0x0000000081200000, 0x0000000081200000|100%| O|  |TAMS 0x0000000081100000, 0x0000000081100000| Untracked 
|  18|0x0000000081200000, 0x0000000081300000, 0x0000000081300000|100%| O|  |TAMS 0x0000000081200000, 0x0000000081200000| Untracked 
|  19|0x0000000081300000, 0x0000000081400000, 0x0000000081400000|100%| O|  |TAMS 0x0000000081300000, 0x0000000081300000| Untracked 
|  20|0x0000000081400000, 0x0000000081500000, 0x0000000081500000|100%| O|  |TAMS 0x0000000081400000, 0x0000000081400000| Untracked 
|  21|0x0000000081500000, 0x0000000081600000, 0x0000000081600000|100%| O|  |TAMS 0x0000000081500000, 0x0000000081500000| Untracked 
|  22|0x0000000081600000, 0x000000008161e400, 0x0000000081700000| 11%| O|  |TAMS 0x0000000081600000, 0x0000000081600000| Untracked 
|  23|0x0000000081700000, 0x0000000081700000, 0x0000000081800000|  0%| F|  |TAMS 0x0000000081700000, 0x0000000081700000| Untracked 
|  24|0x0000000081800000, 0x0000000081800000, 0x0000000081900000|  0%| F|  |TAMS 0x0000000081800000, 0x0000000081800000| Untracked 
|  25|0x0000000081900000, 0x0000000081900000, 0x0000000081a00000|  0%| F|  |TAMS 0x0000000081900000, 0x0000000081900000| Untracked 
|  26|0x0000000081a00000, 0x0000000081a00000, 0x0000000081b00000|  0%| F|  |TAMS 0x0000000081a00000, 0x0000000081a00000| Untracked 
|  27|0x0000000081b00000, 0x0000000081b00000, 0x0000000081c00000|  0%| F|  |TAMS 0x0000000081b00000, 0x0000000081b00000| Untracked 
|  28|0x0000000081c00000, 0x0000000081c00000, 0x0000000081d00000|  0%| F|  |TAMS 0x0000000081c00000, 0x0000000081c00000| Untracked 
|  29|0x0000000081d00000, 0x0000000081d00000, 0x0000000081e00000|  0%| F|  |TAMS 0x0000000081d00000, 0x0000000081d00000| Untracked 
|  30|0x0000000081e00000, 0x0000000081e00000, 0x0000000081f00000|  0%| F|  |TAMS 0x0000000081e00000, 0x0000000081e00000| Untracked 
|  31|0x0000000081f00000, 0x0000000081f00000, 0x0000000082000000|  0%| F|  |TAMS 0x0000000081f00000, 0x0000000081f00000| Untracked 
|  32|0x0000000082000000, 0x0000000082000000, 0x0000000082100000|  0%| F|  |TAMS 0x0000000082000000, 0x0000000082000000| Untracked 
|  33|0x0000000082100000, 0x0000000082100000, 0x0000000082200000|  0%| F|  |TAMS 0x0000000082100000, 0x0000000082100000| Untracked 
|  34|0x0000000082200000, 0x0000000082200000, 0x0000000082300000|  0%| F|  |TAMS 0x0000000082200000, 0x0000000082200000| Untracked 
|  35|0x0000000082300000, 0x0000000082300000, 0x0000000082400000|  0%| F|  |TAMS 0x0000000082300000, 0x0000000082300000| Untracked 
|  36|0x0000000082400000, 0x0000000082400000, 0x0000000082500000|  0%| F|  |TAMS 0x0000000082400000, 0x0000000082400000| Untracked 
|  37|0x0000000082500000, 0x0000000082500000, 0x0000000082600000|  0%| F|  |TAMS 0x0000000082500000, 0x0000000082500000| Untracked 
|  38|0x0000000082600000, 0x0000000082600000, 0x0000000082700000|  0%| F|  |TAMS 0x0000000082600000, 0x0000000082600000| Untracked 
|  39|0x0000000082700000, 0x0000000082700000, 0x0000000082800000|  0%| F|  |TAMS 0x0000000082700000, 0x0000000082700000| Untracked 
|  40|0x0000000082800000, 0x0000000082800000, 0x0000000082900000|  0%| F|  |TAMS 0x0000000082800000, 0x0000000082800000| Untracked 
|  41|0x0000000082900000, 0x0000000082900000, 0x0000000082a00000|  0%| F|  |TAMS 0x0000000082900000, 0x0000000082900000| Untracked 
|  42|0x0000000082a00000, 0x0000000082a00000, 0x0000000082b00000|  0%| F|  |TAMS 0x0000000082a00000, 0x0000000082a00000| Untracked 
|  43|0x0000000082b00000, 0x0000000082b00000, 0x0000000082c00000|  0%| F|  |TAMS 0x0000000082b00000, 0x0000000082b00000| Untracked 
|  44|0x0000000082c00000, 0x0000000082c00000, 0x0000000082d00000|  0%| F|  |TAMS 0x0000000082c00000, 0x0000000082c00000| Untracked 
|  45|0x0000000082d00000, 0x0000000082d00000, 0x0000000082e00000|  0%| F|  |TAMS 0x0000000082d00000, 0x0000000082d00000| Untracked 
|  46|0x0000000082e00000, 0x0000000082e00000, 0x0000000082f00000|  0%| F|  |TAMS 0x0000000082e00000, 0x0000000082e00000| Untracked 
|  47|0x0000000082f00000, 0x0000000082f00000, 0x0000000083000000|  0%| F|  |TAMS 0x0000000082f00000, 0x0000000082f00000| Untracked 
|  48|0x0000000083000000, 0x0000000083000000, 0x0000000083100000|  0%| F|  |TAMS 0x0000000083000000, 0x0000000083000000| Untracked 
|  49|0x0000000083100000, 0x0000000083100000, 0x0000000083200000|  0%| F|  |TAMS 0x0000000083100000, 0x0000000083100000| Untracked 
|  50|0x0000000083200000, 0x0000000083200000, 0x0000000083300000|  0%| F|  |TAMS 0x0000000083200000, 0x0000000083200000| Untracked 
|  51|0x0000000083300000, 0x0000000083300000, 0x0000000083400000|  0%| F|  |TAMS 0x0000000083300000, 0x0000000083300000| Untracked 
|  52|0x0000000083400000, 0x0000000083400000, 0x0000000083500000|  0%| F|  |TAMS 0x0000000083400000, 0x0000000083400000| Untracked 
|  53|0x0000000083500000, 0x0000000083500000, 0x0000000083600000|  0%| F|  |TAMS 0x0000000083500000, 0x0000000083500000| Untracked 
|  54|0x0000000083600000, 0x0000000083600000, 0x0000000083700000|  0%| F|  |TAMS 0x0000000083600000, 0x0000000083600000| Untracked 
|  55|0x0000000083700000, 0x0000000083700000, 0x0000000083800000|  0%| F|  |TAMS 0x0000000083700000, 0x0000000083700000| Untracked 
|  56|0x0000000083800000, 0x0000000083800000, 0x0000000083900000|  0%| F|  |TAMS 0x0000000083800000, 0x0000000083800000| Untracked 
|  57|0x0000000083900000, 0x0000000083900000, 0x0000000083a00000|  0%| F|  |TAMS 0x0000000083900000, 0x0000000083900000| Untracked 
|  58|0x0000000083a00000, 0x0000000083a466c8, 0x0000000083b00000| 27%| S|CS|TAMS 0x0000000083a00000, 0x0000000083a00000| Complete 
|  59|0x0000000083b00000, 0x0000000083c00000, 0x0000000083c00000|100%| S|CS|TAMS 0x0000000083b00000, 0x0000000083b00000| Complete 
|  60|0x0000000083c00000, 0x0000000083d00000, 0x0000000083d00000|100%| S|CS|TAMS 0x0000000083c00000, 0x0000000083c00000| Complete 
|  61|0x0000000083d00000, 0x0000000083d00000, 0x0000000083e00000|  0%| F|  |TAMS 0x0000000083d00000, 0x0000000083d00000| Untracked 
|  62|0x0000000083e00000, 0x0000000083e00000, 0x0000000083f00000|  0%| F|  |TAMS 0x0000000083e00000, 0x0000000083e00000| Untracked 
|  63|0x0000000083f00000, 0x0000000083f00000, 0x0000000084000000|  0%| F|  |TAMS 0x0000000083f00000, 0x0000000083f00000| Untracked 
|  64|0x0000000084000000, 0x0000000084000000, 0x0000000084100000|  0%| F|  |TAMS 0x0000000084000000, 0x0000000084000000| Untracked 
|  65|0x0000000084100000, 0x0000000084100000, 0x0000000084200000|  0%| F|  |TAMS 0x0000000084100000, 0x0000000084100000| Untracked 
|  66|0x0000000084200000, 0x0000000084200000, 0x0000000084300000|  0%| F|  |TAMS 0x0000000084200000, 0x0000000084200000| Untracked 
|  67|0x0000000084300000, 0x0000000084300000, 0x0000000084400000|  0%| F|  |TAMS 0x0000000084300000, 0x0000000084300000| Untracked 
|  68|0x0000000084400000, 0x0000000084500000, 0x0000000084500000|100%| S|CS|TAMS 0x0000000084400000, 0x0000000084400000| Complete 
|  69|0x0000000084500000, 0x0000000084600000, 0x0000000084600000|100%| S|CS|TAMS 0x0000000084500000, 0x0000000084500000| Complete 
|  70|0x0000000084600000, 0x0000000084700000, 0x0000000084700000|100%| S|CS|TAMS 0x0000000084600000, 0x0000000084600000| Complete 
|  71|0x0000000084700000, 0x0000000084800000, 0x0000000084800000|100%| S|CS|TAMS 0x0000000084700000, 0x0000000084700000| Complete 
|  72|0x0000000084800000, 0x0000000084800000, 0x0000000084900000|  0%| F|  |TAMS 0x0000000084800000, 0x0000000084800000| Untracked 
|  73|0x0000000084900000, 0x0000000084900000, 0x0000000084a00000|  0%| F|  |TAMS 0x0000000084900000, 0x0000000084900000| Untracked 
|  74|0x0000000084a00000, 0x0000000084a00000, 0x0000000084b00000|  0%| F|  |TAMS 0x0000000084a00000, 0x0000000084a00000| Untracked 
|  75|0x0000000084b00000, 0x0000000084b00000, 0x0000000084c00000|  0%| F|  |TAMS 0x0000000084b00000, 0x0000000084b00000| Untracked 
|  76|0x0000000084c00000, 0x0000000084c00000, 0x0000000084d00000|  0%| F|  |TAMS 0x0000000084c00000, 0x0000000084c00000| Untracked 
|  77|0x0000000084d00000, 0x0000000084d00000, 0x0000000084e00000|  0%| F|  |TAMS 0x0000000084d00000, 0x0000000084d00000| Untracked 
|  78|0x0000000084e00000, 0x0000000084e00000, 0x0000000084f00000|  0%| F|  |TAMS 0x0000000084e00000, 0x0000000084e00000| Untracked 
|  79|0x0000000084f00000, 0x0000000084f00000, 0x0000000085000000|  0%| F|  |TAMS 0x0000000084f00000, 0x0000000084f00000| Untracked 
|  80|0x0000000085000000, 0x0000000085000000, 0x0000000085100000|  0%| F|  |TAMS 0x0000000085000000, 0x0000000085000000| Untracked 
|  81|0x0000000085100000, 0x0000000085100000, 0x0000000085200000|  0%| F|  |TAMS 0x0000000085100000, 0x0000000085100000| Untracked 
|  82|0x0000000085200000, 0x0000000085200000, 0x0000000085300000|  0%| F|  |TAMS 0x0000000085200000, 0x0000000085200000| Untracked 
|  83|0x0000000085300000, 0x0000000085300000, 0x0000000085400000|  0%| F|  |TAMS 0x0000000085300000, 0x0000000085300000| Untracked 
|  84|0x0000000085400000, 0x0000000085400000, 0x0000000085500000|  0%| F|  |TAMS 0x0000000085400000, 0x0000000085400000| Untracked 
|  85|0x0000000085500000, 0x0000000085500000, 0x0000000085600000|  0%| F|  |TAMS 0x0000000085500000, 0x0000000085500000| Untracked 
|  86|0x0000000085600000, 0x0000000085600000, 0x0000000085700000|  0%| F|  |TAMS 0x0000000085600000, 0x0000000085600000| Untracked 
|  87|0x0000000085700000, 0x0000000085700000, 0x0000000085800000|  0%| F|  |TAMS 0x0000000085700000, 0x0000000085700000| Untracked 
|  88|0x0000000085800000, 0x0000000085800000, 0x0000000085900000|  0%| F|  |TAMS 0x0000000085800000, 0x0000000085800000| Untracked 
|  89|0x0000000085900000, 0x0000000085900000, 0x0000000085a00000|  0%| F|  |TAMS 0x0000000085900000, 0x0000000085900000| Untracked 
|  90|0x0000000085a00000, 0x0000000085a00000, 0x0000000085b00000|  0%| F|  |TAMS 0x0000000085a00000, 0x0000000085a00000| Untracked 
|  91|0x0000000085b00000, 0x0000000085b00000, 0x0000000085c00000|  0%| F|  |TAMS 0x0000000085b00000, 0x0000000085b00000| Untracked 
|  92|0x0000000085c00000, 0x0000000085c00000, 0x0000000085d00000|  0%| F|  |TAMS 0x0000000085c00000, 0x0000000085c00000| Untracked 
|  93|0x0000000085d00000, 0x0000000085d00000, 0x0000000085e00000|  0%| F|  |TAMS 0x0000000085d00000, 0x0000000085d00000| Untracked 
|  94|0x0000000085e00000, 0x0000000085e00000, 0x0000000085f00000|  0%| F|  |TAMS 0x0000000085e00000, 0x0000000085e00000| Untracked 
|  95|0x0000000085f00000, 0x0000000085f00000, 0x0000000086000000|  0%| F|  |TAMS 0x0000000085f00000, 0x0000000085f00000| Untracked 
|  96|0x0000000086000000, 0x0000000086000000, 0x0000000086100000|  0%| F|  |TAMS 0x0000000086000000, 0x0000000086000000| Untracked 
|  97|0x0000000086100000, 0x0000000086100000, 0x0000000086200000|  0%| F|  |TAMS 0x0000000086100000, 0x0000000086100000| Untracked 
|  98|0x0000000086200000, 0x0000000086200000, 0x0000000086300000|  0%| F|  |TAMS 0x0000000086200000, 0x0000000086200000| Untracked 
|  99|0x0000000086300000, 0x0000000086300000, 0x0000000086400000|  0%| F|  |TAMS 0x0000000086300000, 0x0000000086300000| Untracked 
| 100|0x0000000086400000, 0x0000000086400000, 0x0000000086500000|  0%| F|  |TAMS 0x0000000086400000, 0x0000000086400000| Untracked 
| 101|0x0000000086500000, 0x0000000086500000, 0x0000000086600000|  0%| F|  |TAMS 0x0000000086500000, 0x0000000086500000| Untracked 
| 102|0x0000000086600000, 0x0000000086600000, 0x0000000086700000|  0%| F|  |TAMS 0x0000000086600000, 0x0000000086600000| Untracked 
| 103|0x0000000086700000, 0x0000000086700000, 0x0000000086800000|  0%| F|  |TAMS 0x0000000086700000, 0x0000000086700000| Untracked 
| 104|0x0000000086800000, 0x0000000086800000, 0x0000000086900000|  0%| F|  |TAMS 0x0000000086800000, 0x0000000086800000| Untracked 
| 105|0x0000000086900000, 0x0000000086900000, 0x0000000086a00000|  0%| F|  |TAMS 0x0000000086900000, 0x0000000086900000| Untracked 
| 106|0x0000000086a00000, 0x0000000086a00000, 0x0000000086b00000|  0%| F|  |TAMS 0x0000000086a00000, 0x0000000086a00000| Untracked 
| 107|0x0000000086b00000, 0x0000000086b00000, 0x0000000086c00000|  0%| F|  |TAMS 0x0000000086b00000, 0x0000000086b00000| Untracked 
| 108|0x0000000086c00000, 0x0000000086c00000, 0x0000000086d00000|  0%| F|  |TAMS 0x0000000086c00000, 0x0000000086c00000| Untracked 
| 109|0x0000000086d00000, 0x0000000086d00000, 0x0000000086e00000|  0%| F|  |TAMS 0x0000000086d00000, 0x0000000086d00000| Untracked 
| 110|0x0000000086e00000, 0x0000000086e00000, 0x0000000086f00000|  0%| F|  |TAMS 0x0000000086e00000, 0x0000000086e00000| Untracked 
| 111|0x0000000086f00000, 0x0000000086f00000, 0x0000000087000000|  0%| F|  |TAMS 0x0000000086f00000, 0x0000000086f00000| Untracked 
| 112|0x0000000087000000, 0x0000000087000000, 0x0000000087100000|  0%| F|  |TAMS 0x0000000087000000, 0x0000000087000000| Untracked 
| 113|0x0000000087100000, 0x0000000087100000, 0x0000000087200000|  0%| F|  |TAMS 0x0000000087100000, 0x0000000087100000| Untracked 
| 114|0x0000000087200000, 0x0000000087200000, 0x0000000087300000|  0%| F|  |TAMS 0x0000000087200000, 0x0000000087200000| Untracked 
| 115|0x0000000087300000, 0x0000000087300000, 0x0000000087400000|  0%| F|  |TAMS 0x0000000087300000, 0x0000000087300000| Untracked 
| 116|0x0000000087400000, 0x0000000087400000, 0x0000000087500000|  0%| F|  |TAMS 0x0000000087400000, 0x0000000087400000| Untracked 
| 117|0x0000000087500000, 0x0000000087500000, 0x0000000087600000|  0%| F|  |TAMS 0x0000000087500000, 0x0000000087500000| Untracked 
| 118|0x0000000087600000, 0x0000000087600000, 0x0000000087700000|  0%| F|  |TAMS 0x0000000087600000, 0x0000000087600000| Untracked 
| 119|0x0000000087700000, 0x0000000087700000, 0x0000000087800000|  0%| F|  |TAMS 0x0000000087700000, 0x0000000087700000| Untracked 

Card table byte_map: [0x000001eda6a70000,0x000001eda6e70000] _byte_map_base: 0x000001eda6670000

Marking Bits (Prev, Next): (CMBitMap*) 0x000001ed93302a88, (CMBitMap*) 0x000001ed93302ac0
 Prev Bits: [0x000001eda7270000, 0x000001eda9270000)
 Next Bits: [0x000001eda9270000, 0x000001edab270000)

Polling page: 0x000001ed92a90000

Metaspace:

Usage:
  Non-class:     37.27 MB capacity,    36.74 MB ( 99%) used,   448.30 KB (  1%) free+waste,   101.63 KB ( <1%) overhead. 
      Class:      5.70 MB capacity,     5.35 MB ( 94%) used,   314.55 KB (  5%) free+waste,    48.38 KB ( <1%) overhead. 
       Both:     42.98 MB capacity,    42.08 MB ( 98%) used,   762.85 KB (  2%) free+waste,   150.00 KB ( <1%) overhead. 

Virtual space:
  Non-class space:       38.00 MB reserved,      37.33 MB ( 98%) committed 
      Class space:        1.00 GB reserved,       5.75 MB ( <1%) committed 
             Both:        1.04 GB reserved,      43.08 MB (  4%) committed 

Chunk freelists:
   Non-Class:  55.00 KB
       Class:  18.00 KB
        Both:  73.00 KB

MaxMetaspaceSize: 17179869184.00 GB
CompressedClassSpaceSize: 1.00 GB
Initial GC threshold: 20.80 MB
Current GC threshold: 58.88 MB
CDS: off

CodeHeap 'non-profiled nmethods': size=119168Kb used=1732Kb max_used=1732Kb free=117435Kb
 bounds [0x000001ed9e970000, 0x000001ed9ebe0000, 0x000001eda5dd0000]
CodeHeap 'profiled nmethods': size=119168Kb used=8604Kb max_used=8604Kb free=110563Kb
 bounds [0x000001ed97510000, 0x000001ed97d80000, 0x000001ed9e970000]
CodeHeap 'non-nmethods': size=7424Kb used=2836Kb max_used=2872Kb free=4588Kb
 bounds [0x000001ed96dd0000, 0x000001ed970a0000, 0x000001ed97510000]
 total_blobs=4625 nmethods=3858 adapters=677
 compilation: enabled
              stopped_count=0, restarted_count=0
 full_count=0

Compilation events (20 events):
Event: 7.631 Thread 0x000001edaeb5c800 nmethod 3934 0x000001ed97d6f010 code [0x000001ed97d6f1c0, 0x000001ed97d6f398]
Event: 7.631 Thread 0x000001edb4de6000 nmethod 3935 0x000001ed97d6f510 code [0x000001ed97d6f700, 0x000001ed97d6fbb8]
Event: 7.632 Thread 0x000001edaeb5c800 3936       3       org.objectweb.asm.ClassReader::readClass (7 bytes)
Event: 7.632 Thread 0x000001edb4de6000 3937       3       org.objectweb.asm.ClassReader::readStringish (16 bytes)
Event: 7.633 Thread 0x000001edaeb5c800 nmethod 3936 0x000001ed97d6fd90 code [0x000001ed97d6ff80, 0x000001ed97d703a8]
Event: 7.633 Thread 0x000001edb4de6000 nmethod 3937 0x000001ed97d70610 code [0x000001ed97d70800, 0x000001ed97d70be8]
Event: 7.636 Thread 0x000001edaeb5c800 3938       3       sun.net.www.URLConnection::<init> (22 bytes)
Event: 7.636 Thread 0x000001edb4de6000 3939       3       sun.net.www.MessageHeader::<init> (9 bytes)
Event: 7.636 Thread 0x000001edb4de6000 nmethod 3939 0x000001ed97d70e10 code [0x000001ed97d70fe0, 0x000001ed97d71168]
Event: 7.636 Thread 0x000001edb4de6000 3940       3       sun.net.www.MessageHeader::grow (92 bytes)
Event: 7.636 Thread 0x000001edaeb5c800 nmethod 3938 0x000001ed97d71210 code [0x000001ed97d713e0, 0x000001ed97d716d8]
Event: 7.636 Thread 0x000001edaeb5c800 3941  s    3       sun.net.www.protocol.file.Handler::openConnection (7 bytes)
Event: 7.636 Thread 0x000001edb4de6000 nmethod 3940 0x000001ed97d71810 code [0x000001ed97d71a00, 0x000001ed97d71f98]
Event: 7.636 Thread 0x000001edb4de6000 3942  s!   3       sun.net.www.protocol.file.Handler::openConnection (273 bytes)
Event: 7.636 Thread 0x000001edaeb5c800 nmethod 3941 0x000001ed97d72110 code [0x000001ed97d722e0, 0x000001ed97d725a8]
Event: 7.636 Thread 0x000001edaeb5c800 3943       3       sun.net.www.protocol.file.Handler::createFileURLConnection (10 bytes)
Event: 7.636 Thread 0x000001edaeb5c800 nmethod 3943 0x000001ed97d72690 code [0x000001ed97d72840, 0x000001ed97d729e8]
Event: 7.636 Thread 0x000001edaeb5c800 3944       3       sun.net.www.protocol.file.FileURLConnection::<init> (38 bytes)
Event: 7.637 Thread 0x000001edaeb5c800 nmethod 3944 0x000001ed97d72a90 code [0x000001ed97d72c80, 0x000001ed97d73078]
Event: 7.639 Thread 0x000001edb4de6000 nmethod 3942 0x000001ed97d73210 code [0x000001ed97d737c0, 0x000001ed97d761a8]

GC Heap History (15 events):
Event: 1.058 GC heap before
{Heap before GC invocations=0 (full 0):
 garbage-first heap   total 122880K, used 29696K [0x0000000080000000, 0x0000000100000000)
  region size 1024K, 24 young (24576K), 0 survivors (0K)
 Metaspace       used 10275K, capacity 10531K, committed 10624K, reserved 1058816K
  class space    used 1055K, capacity 1106K, committed 1152K, reserved 1048576K
}
Event: 1.068 GC heap after
{Heap after GC invocations=1 (full 0):
 garbage-first heap   total 122880K, used 9207K [0x0000000080000000, 0x0000000100000000)
  region size 1024K, 3 young (3072K), 3 survivors (3072K)
 Metaspace       used 10275K, capacity 10531K, committed 10624K, reserved 1058816K
  class space    used 1055K, capacity 1106K, committed 1152K, reserved 1048576K
}
Event: 3.007 GC heap before
{Heap before GC invocations=1 (full 0):
 garbage-first heap   total 122880K, used 79863K [0x0000000080000000, 0x0000000100000000)
  region size 1024K, 72 young (73728K), 3 survivors (3072K)
 Metaspace       used 17422K, capacity 17834K, committed 18048K, reserved 1064960K
  class space    used 1996K, capacity 2138K, committed 2176K, reserved 1048576K
}
Event: 3.016 GC heap after
{Heap after GC invocations=2 (full 0):
 garbage-first heap   total 122880K, used 16118K [0x0000000080000000, 0x0000000100000000)
  region size 1024K, 9 young (9216K), 9 survivors (9216K)
 Metaspace       used 17422K, capacity 17834K, committed 18048K, reserved 1064960K
  class space    used 1996K, capacity 2138K, committed 2176K, reserved 1048576K
}
Event: 3.612 GC heap before
{Heap before GC invocations=2 (full 0):
 garbage-first heap   total 122880K, used 46838K [0x0000000080000000, 0x0000000100000000)
  region size 1024K, 41 young (41984K), 9 survivors (9216K)
 Metaspace       used 20757K, capacity 21181K, committed 21296K, reserved 1069056K
  class space    used 2516K, capacity 2680K, committed 2688K, reserved 1048576K
}
Event: 3.630 GC heap after
{Heap after GC invocations=3 (full 0):
 garbage-first heap   total 122880K, used 17305K [0x0000000080000000, 0x0000000100000000)
  region size 1024K, 2 young (2048K), 2 survivors (2048K)
 Metaspace       used 20757K, capacity 21181K, committed 21296K, reserved 1069056K
  class space    used 2516K, capacity 2680K, committed 2688K, reserved 1048576K
}
Event: 4.777 GC heap before
{Heap before GC invocations=4 (full 0):
 garbage-first heap   total 122880K, used 67481K [0x0000000080000000, 0x0000000100000000)
  region size 1024K, 51 young (52224K), 2 survivors (2048K)
 Metaspace       used 26184K, capacity 26848K, committed 27184K, reserved 1073152K
  class space    used 3386K, capacity 3622K, committed 3712K, reserved 1048576K
}
Event: 4.781 GC heap after
{Heap after GC invocations=5 (full 0):
 garbage-first heap   total 122880K, used 18990K [0x0000000080000000, 0x0000000100000000)
  region size 1024K, 4 young (4096K), 4 survivors (4096K)
 Metaspace       used 26184K, capacity 26848K, committed 27184K, reserved 1073152K
  class space    used 3386K, capacity 3622K, committed 3712K, reserved 1048576K
}
Event: 5.774 GC heap before
{Heap before GC invocations=5 (full 0):
 garbage-first heap   total 122880K, used 73262K [0x0000000080000000, 0x0000000100000000)
  region size 1024K, 57 young (58368K), 4 survivors (4096K)
 Metaspace       used 31601K, capacity 32291K, committed 32560K, reserved 1077248K
  class space    used 4175K, capacity 4416K, committed 4480K, reserved 1048576K
}
Event: 5.779 GC heap after
{Heap after GC invocations=6 (full 0):
 garbage-first heap   total 122880K, used 20724K [0x0000000080000000, 0x0000000100000000)
  region size 1024K, 5 young (5120K), 5 survivors (5120K)
 Metaspace       used 31601K, capacity 32291K, committed 32560K, reserved 1077248K
  class space    used 4175K, capacity 4416K, committed 4480K, reserved 1048576K
}
Event: 6.099 GC heap before
{Heap before GC invocations=6 (full 0):
 garbage-first heap   total 122880K, used 28916K [0x0000000080000000, 0x0000000100000000)
  region size 1024K, 14 young (14336K), 5 survivors (5120K)
 Metaspace       used 34970K, capacity 35741K, committed 35920K, reserved 1081344K
  class space    used 4468K, capacity 4780K, committed 4864K, reserved 1048576K
}
Event: 6.110 GC heap after
{Heap after GC invocations=7 (full 0):
 garbage-first heap   total 122880K, used 22282K [0x0000000080000000, 0x0000000100000000)
  region size 1024K, 6 young (6144K), 6 survivors (6144K)
 Metaspace       used 34970K, capacity 35741K, committed 35920K, reserved 1081344K
  class space    used 4468K, capacity 4780K, committed 4864K, reserved 1048576K
}
Event: 6.895 GC heap before
{Heap before GC invocations=8 (full 0):
 garbage-first heap   total 122880K, used 71434K [0x0000000080000000, 0x0000000100000000)
  region size 1024K, 52 young (53248K), 6 survivors (6144K)
 Metaspace       used 39375K, capacity 40197K, committed 40528K, reserved 1085440K
  class space    used 4944K, capacity 5260K, committed 5376K, reserved 1048576K
}
Event: 6.905 GC heap after
{Heap after GC invocations=9 (full 0):
 garbage-first heap   total 122880K, used 26545K [0x0000000080000000, 0x0000000100000000)
  region size 1024K, 7 young (7168K), 7 survivors (7168K)
 Metaspace       used 39375K, capacity 40197K, committed 40528K, reserved 1085440K
  class space    used 4944K, capacity 5260K, committed 5376K, reserved 1048576K
}
Event: 7.661 GC heap before
{Heap before GC invocations=9 (full 0):
 garbage-first heap   total 122880K, used 75697K [0x0000000080000000, 0x0000000100000000)
  region size 1024K, 55 young (56320K), 7 survivors (7168K)
 Metaspace       used 43094K, capacity 44007K, committed 44112K, reserved 1087488K
  class space    used 5475K, capacity 5838K, committed 5888K, reserved 1048576K
}

Deoptimization events (20 events):
Event: 7.535 Thread 0x000001edb4ae6000 Uncommon trap: trap_request=0xffffff4d fr.pc=0x000001ed9ea4568c relative=0x00000000000001cc
Event: 7.535 Thread 0x000001edb4ae6000 Uncommon trap: reason=unstable_if action=reinterpret pc=0x000001ed9ea4568c method=java.util.HashMap.getNode(ILjava/lang/Object;)Ljava/util/HashMap$Node; @ 53 c2
Event: 7.535 Thread 0x000001edb4ae6000 DEOPT PACKING pc=0x000001ed9ea4568c sp=0x000000dfa08f87e0
Event: 7.535 Thread 0x000001edb4ae6000 DEOPT UNPACKING pc=0x000001ed96e1a1af sp=0x000000dfa08f8768 mode 2
Event: 7.535 Thread 0x000001edb4ae6000 Uncommon trap: trap_request=0xffffff4d fr.pc=0x000001ed9e9b2b14 relative=0x00000000000000d4
Event: 7.535 Thread 0x000001edb4ae6000 Uncommon trap: reason=unstable_if action=reinterpret pc=0x000001ed9e9b2b14 method=java.util.HashMap.hash(Ljava/lang/Object;)I @ 1 c2
Event: 7.535 Thread 0x000001edb4ae6000 DEOPT PACKING pc=0x000001ed9e9b2b14 sp=0x000000dfa08f8860
Event: 7.535 Thread 0x000001edb4ae6000 DEOPT UNPACKING pc=0x000001ed96e1a1af sp=0x000000dfa08f87a0 mode 2
Event: 7.535 Thread 0x000001edb4ae6000 Uncommon trap: trap_request=0xffffff4d fr.pc=0x000001ed9eacbc40 relative=0x00000000000006c0
Event: 7.535 Thread 0x000001edb4ae6000 Uncommon trap: reason=unstable_if action=reinterpret pc=0x000001ed9eacbc40 method=java.util.HashMap.putVal(ILjava/lang/Object;Ljava/lang/Object;ZZ)Ljava/lang/Object; @ 85 c2
Event: 7.535 Thread 0x000001edb4ae6000 DEOPT PACKING pc=0x000001ed9eacbc40 sp=0x000000dfa08f8790
Event: 7.535 Thread 0x000001edb4ae6000 DEOPT UNPACKING pc=0x000001ed96e1a1af sp=0x000000dfa08f8748 mode 2
Event: 7.541 Thread 0x000001edb4ae6000 Uncommon trap: trap_request=0xffffff4d fr.pc=0x000001ed9eb05d70 relative=0x0000000000000310
Event: 7.541 Thread 0x000001edb4ae6000 Uncommon trap: reason=unstable_if action=reinterpret pc=0x000001ed9eb05d70 method=org.gradle.internal.reflect.PropertyAccessorType.isGetGetterName(Ljava/lang/String;)Z @ 14 c2
Event: 7.541 Thread 0x000001edb4ae6000 DEOPT PACKING pc=0x000001ed9eb05d70 sp=0x000000dfa08f92b0
Event: 7.541 Thread 0x000001edb4ae6000 DEOPT UNPACKING pc=0x000001ed96e1a1af sp=0x000000dfa08f9208 mode 2
Event: 7.570 Thread 0x000001edb4ae6000 Uncommon trap: trap_request=0xffffff4d fr.pc=0x000001ed9eb09888 relative=0x00000000000000e8
Event: 7.570 Thread 0x000001edb4ae6000 Uncommon trap: reason=unstable_if action=reinterpret pc=0x000001ed9eb09888 method=org.objectweb.asm.ByteVector.putShort(I)Lorg/objectweb/asm/ByteVector; @ 13 c2
Event: 7.570 Thread 0x000001edb4ae6000 DEOPT PACKING pc=0x000001ed9eb09888 sp=0x000000dfa08f8cf0
Event: 7.570 Thread 0x000001edb4ae6000 DEOPT UNPACKING pc=0x000001ed96e1a1af sp=0x000000dfa08f8c88 mode 2

Classes redefined (0 events):
No events

Internal exceptions (20 events):
Event: 7.136 Thread 0x000001edb4ae6000 Exception <a 'java/lang/ClassNotFoundException'{0x0000000086776f88}: org/gradle/api/initialization/resolve/RepositoriesModeBeanInfo> (0x0000000086776f88) thrown at [./src/hotspot/share/classfile/systemDictionary.cpp, line 231]
Event: 7.136 Thread 0x000001edb4ae6000 Exception <a 'java/lang/ClassNotFoundException'{0x000000008677be50}: java/lang/EnumBeanInfo> (0x000000008677be50) thrown at [./src/hotspot/share/classfile/systemDictionary.cpp, line 231]
Event: 7.136 Thread 0x000001edb4ae6000 Exception <a 'java/lang/ClassNotFoundException'{0x0000000086781000}: java/lang/EnumCustomizer> (0x0000000086781000) thrown at [./src/hotspot/share/classfile/systemDictionary.cpp, line 231]
Event: 7.138 Thread 0x000001edb4ae6000 Exception <a 'java/lang/ClassNotFoundException'{0x00000000867afe20}: org/gradle/api/initialization/resolve/RepositoriesModeCustomizer> (0x00000000867afe20) thrown at [./src/hotspot/share/classfile/systemDictionary.cpp, line 231]
Event: 7.145 Thread 0x000001edb4ae6000 Exception <a 'java/lang/ClassNotFoundException'{0x000000008663c8d8}: org/gradle/api/internal/provider/DefaultPropertyBeanInfo> (0x000000008663c8d8) thrown at [./src/hotspot/share/classfile/systemDictionary.cpp, line 231]
Event: 7.146 Thread 0x000001edb4ae6000 Exception <a 'java/lang/ClassNotFoundException'{0x0000000086662ff0}: org/gradle/api/internal/provider/AbstractPropertyBeanInfo> (0x0000000086662ff0) thrown at [./src/hotspot/share/classfile/systemDictionary.cpp, line 231]
Event: 7.146 Thread 0x000001edb4ae6000 Exception <a 'java/lang/ClassNotFoundException'{0x000000008668c660}: org/gradle/api/internal/provider/AbstractMinimalProviderBeanInfo> (0x000000008668c660) thrown at [./src/hotspot/share/classfile/systemDictionary.cpp, line 231]
Event: 7.147 Thread 0x000001edb4ae6000 Exception <a 'java/lang/ClassNotFoundException'{0x00000000866b5a78}: org/gradle/api/internal/provider/AbstractMinimalProviderCustomizer> (0x00000000866b5a78) thrown at [./src/hotspot/share/classfile/systemDictionary.cpp, line 231]
Event: 7.153 Thread 0x000001edb4ae6000 Exception <a 'java/lang/ClassNotFoundException'{0x0000000086517540}: org/gradle/api/internal/provider/AbstractPropertyCustomizer> (0x0000000086517540) thrown at [./src/hotspot/share/classfile/systemDictionary.cpp, line 231]
Event: 7.154 Thread 0x000001edb4ae6000 Exception <a 'java/lang/ClassNotFoundException'{0x000000008654a3e0}: org/gradle/api/internal/provider/DefaultPropertyCustomizer> (0x000000008654a3e0) thrown at [./src/hotspot/share/classfile/systemDictionary.cpp, line 231]
Event: 7.195 Thread 0x000001edb4ae6000 Exception <a 'java/lang/ClassNotFoundException'{0x0000000086341398}: org/gradle/initialization/DefaultProjectDescriptorBeanInfo> (0x0000000086341398) thrown at [./src/hotspot/share/classfile/systemDictionary.cpp, line 231]
Event: 7.195 Thread 0x000001edb4ae6000 Exception <a 'java/lang/ClassNotFoundException'{0x00000000863678d8}: org/gradle/initialization/DefaultProjectDescriptorCustomizer> (0x00000000863678d8) thrown at [./src/hotspot/share/classfile/systemDictionary.cpp, line 231]
Event: 7.199 Thread 0x000001edb4ae6000 Implicit null exception at 0x000001ed9eac4fec to 0x000001ed9eac5094
Event: 7.369 Thread 0x000001edb4ae0800 Exception <a 'java/lang/NoSuchMethodError'{0x00000000858870b8}: <clinit>> (0x00000000858870b8) thrown at [./src/hotspot/share/prims/jni.cpp, line 1366]
Event: 7.370 Thread 0x000001edb4ae0800 Exception <a 'java/lang/NoSuchMethodError'{0x00000000858889f0}: <clinit>> (0x00000000858889f0) thrown at [./src/hotspot/share/prims/jni.cpp, line 1366]
Event: 7.371 Thread 0x000001edb4ae0800 Exception <a 'java/lang/NoSuchMethodError'{0x0000000085897c78}: <clinit>> (0x0000000085897c78) thrown at [./src/hotspot/share/prims/jni.cpp, line 1366]
Event: 7.371 Thread 0x000001edb4ae0800 Exception <a 'java/lang/NoSuchMethodError'{0x000000008589a2b0}: <clinit>> (0x000000008589a2b0) thrown at [./src/hotspot/share/prims/jni.cpp, line 1366]
Event: 7.373 Thread 0x000001edb4ae0800 Exception <a 'java/lang/NoSuchMethodError'{0x000000008570a048}: <clinit>> (0x000000008570a048) thrown at [./src/hotspot/share/prims/jni.cpp, line 1366]
Event: 7.535 Thread 0x000001edb4ae6000 Implicit null exception at 0x000001ed9ea4c774 to 0x000001ed9ea4c998
Event: 7.535 Thread 0x000001edb4ae6000 Implicit null exception at 0x000001ed9e9b2a78 to 0x000001ed9e9b2b0a

Events (20 events):
Event: 7.653 loading class org/gradle/tooling/internal/protocol/cpp/InternalCppApplication done
Event: 7.653 loading class org/gradle/language/cpp/internal/tooling/DefaultCppLibraryModel
Event: 7.653 loading class org/gradle/language/cpp/internal/tooling/DefaultCppLibraryModel done
Event: 7.653 loading class org/gradle/tooling/internal/protocol/cpp/InternalCppLibrary
Event: 7.653 loading class org/gradle/tooling/internal/protocol/cpp/InternalCppLibrary done
Event: 7.653 loading class org/gradle/language/cpp/internal/tooling/DefaultCppTestSuiteModel
Event: 7.653 loading class org/gradle/language/cpp/internal/tooling/DefaultCppTestSuiteModel done
Event: 7.654 loading class org/gradle/tooling/internal/protocol/cpp/InternalCppTestSuite
Event: 7.654 loading class org/gradle/tooling/internal/protocol/cpp/InternalCppTestSuite done
Event: 7.654 loading class org/gradle/kotlin/dsl/tooling/builders/KotlinBuildScriptModelBuilder
Event: 7.654 loading class org/gradle/kotlin/dsl/tooling/builders/KotlinBuildScriptModelBuilder done
Event: 7.655 loading class org/gradle/kotlin/dsl/tooling/builders/KotlinBuildScriptTemplateModelBuilder
Event: 7.655 loading class org/gradle/kotlin/dsl/tooling/builders/KotlinBuildScriptTemplateModelBuilder done
Event: 7.656 loading class kotlin/collections/CollectionsKt
Event: 7.656 loading class kotlin/collections/CollectionsKt done
Event: 7.657 loading class kotlin/collections/CollectionsKt___CollectionsKt
Event: 7.657 loading class kotlin/collections/CollectionsKt___CollectionsKt done
Event: 7.660 loading class kotlin/collections/CollectionsKt___CollectionsJvmKt
Event: 7.660 loading class kotlin/collections/CollectionsKt___CollectionsJvmKt done
Event: 7.661 Executing VM operation: G1CollectForAllocation


Dynamic libraries:
0x00007ff6b0750000 - 0x00007ff6b075a000 	D:\TeraBox\Thý muòc mõìi\jre\bin\java.exe
0x00007ffe6b270000 - 0x00007ffe6b487000 	C:\Windows\SYSTEM32\ntdll.dll
0x00007ffe6a0f0000 - 0x00007ffe6a1b4000 	C:\Windows\System32\KERNEL32.DLL
0x00007ffe689d0000 - 0x00007ffe68d76000 	C:\Windows\System32\KERNELBASE.dll
0x00007ffe68ea0000 - 0x00007ffe68fb1000 	C:\Windows\System32\ucrtbase.dll
0x00007ffe38120000 - 0x00007ffe38139000 	D:\TeraBox\Thý muòc mõìi\jre\bin\jli.dll
0x00007ffe69100000 - 0x00007ffe692ae000 	C:\Windows\System32\USER32.dll
0x00007ffe686d0000 - 0x00007ffe686f6000 	C:\Windows\System32\win32u.dll
0x00007ffe5a230000 - 0x00007ffe5a4c3000 	C:\Windows\WinSxS\amd64_microsoft.windows.common-controls_6595b64144ccf1df_6.0.22621.2506_none_270c5ae97388e100\COMCTL32.dll
0x00007ffe69860000 - 0x00007ffe69889000 	C:\Windows\System32\GDI32.dll
0x00007ffe692b0000 - 0x00007ffe69357000 	C:\Windows\System32\msvcrt.dll
0x00007ffe68d80000 - 0x00007ffe68e98000 	C:\Windows\System32\gdi32full.dll
0x00007ffe68700000 - 0x00007ffe6879a000 	C:\Windows\System32\msvcp_win.dll
0x00007ffe249d0000 - 0x00007ffe249e7000 	D:\TeraBox\Thý muòc mõìi\jre\bin\VCRUNTIME140.dll
0x00007ffe690c0000 - 0x00007ffe690f1000 	C:\Windows\System32\IMM32.DLL
0x00007ffe13a90000 - 0x00007ffe13b2d000 	D:\TeraBox\Thý muòc mõìi\jre\bin\msvcp140.dll
0x00007ffe14160000 - 0x00007ffe14c62000 	D:\TeraBox\Thý muòc mõìi\jre\bin\server\jvm.dll
0x00007ffe6a3d0000 - 0x00007ffe6a481000 	C:\Windows\System32\ADVAPI32.dll
0x00007ffe695e0000 - 0x00007ffe69685000 	C:\Windows\System32\sechost.dll
0x00007ffe69360000 - 0x00007ffe69477000 	C:\Windows\System32\RPCRT4.dll
0x00007ffe69020000 - 0x00007ffe69028000 	C:\Windows\System32\PSAPI.DLL
0x00007ffe5f150000 - 0x00007ffe5f159000 	C:\Windows\SYSTEM32\WSOCK32.dll
0x00007ffe621e0000 - 0x00007ffe62214000 	C:\Windows\SYSTEM32\WINMM.dll
0x00007ffe697e0000 - 0x00007ffe69851000 	C:\Windows\System32\WS2_32.dll
0x00007ffe60880000 - 0x00007ffe6088a000 	C:\Windows\SYSTEM32\VERSION.dll
0x00007ffe676a0000 - 0x00007ffe676b8000 	C:\Windows\SYSTEM32\kernel.appcore.dll
0x00007ffe3b780000 - 0x00007ffe3b791000 	D:\TeraBox\Thý muòc mõìi\jre\bin\verify.dll
0x00007ffe65850000 - 0x00007ffe65a83000 	C:\Windows\SYSTEM32\DBGHELP.DLL
0x00007ffe6a760000 - 0x00007ffe6aae9000 	C:\Windows\System32\combase.dll
0x00007ffe6acc0000 - 0x00007ffe6ad97000 	C:\Windows\System32\OLEAUT32.dll
0x00007ffe605b0000 - 0x00007ffe605e2000 	C:\Windows\SYSTEM32\dbgcore.DLL
0x00007ffe685e0000 - 0x00007ffe6865a000 	C:\Windows\System32\bcryptPrimitives.dll
0x00007ffe37f50000 - 0x00007ffe37f79000 	D:\TeraBox\Thý muòc mõìi\jre\bin\java.dll
0x00007ffe55f70000 - 0x00007ffe55f7b000 	D:\TeraBox\Thý muòc mõìi\jre\bin\jimage.dll
0x00007ffe38030000 - 0x00007ffe38048000 	D:\TeraBox\Thý muòc mõìi\jre\bin\zip.dll
0x00007ffe69890000 - 0x00007ffe6a0ea000 	C:\Windows\System32\SHELL32.dll
0x00007ffe664c0000 - 0x00007ffe66db6000 	C:\Windows\SYSTEM32\windows.storage.dll
0x00007ffe66380000 - 0x00007ffe664be000 	C:\Windows\SYSTEM32\wintypes.dll
0x00007ffe6aba0000 - 0x00007ffe6ac93000 	C:\Windows\System32\SHCORE.dll
0x00007ffe69580000 - 0x00007ffe695de000 	C:\Windows\System32\shlwapi.dll
0x00007ffe68510000 - 0x00007ffe68536000 	C:\Windows\SYSTEM32\profapi.dll
0x00007ffe2e690000 - 0x00007ffe2e6aa000 	D:\TeraBox\Thý muòc mõìi\jre\bin\net.dll
0x00007ffe625e0000 - 0x00007ffe62717000 	C:\Windows\SYSTEM32\WINHTTP.dll
0x00007ffe67b30000 - 0x00007ffe67b99000 	C:\Windows\system32\mswsock.dll
0x00007ffe2e670000 - 0x00007ffe2e684000 	D:\TeraBox\Thý muòc mõìi\jre\bin\nio.dll
0x00007ffe25740000 - 0x00007ffe25767000 	C:\Users\lebac\.gradle\native\e1d6ef7f7dcc3fd88c89a11ec53ec762bb8ba0a96d01ffa2cd45eb1d1d8dd5c5\windows-amd64\native-platform.dll
0x00007ffe13470000 - 0x00007ffe135b4000 	C:\Users\lebac\.gradle\native\0d407fdbe67a94daf76414ababcb853783967236a71b16ec16e742cd7a986fd3\windows-amd64\native-platform-file-events.dll
0x00007ffe55cb0000 - 0x00007ffe55cba000 	D:\TeraBox\Thý muòc mõìi\jre\bin\management.dll
0x00007ffe55600000 - 0x00007ffe5560d000 	D:\TeraBox\Thý muòc mõìi\jre\bin\management_ext.dll
0x00007ffe67da0000 - 0x00007ffe67dbb000 	C:\Windows\SYSTEM32\CRYPTSP.dll
0x00007ffe67600000 - 0x00007ffe67635000 	C:\Windows\system32\rsaenh.dll
0x00007ffe67c40000 - 0x00007ffe67c6c000 	C:\Windows\SYSTEM32\USERENV.dll
0x00007ffe67f70000 - 0x00007ffe67f98000 	C:\Windows\SYSTEM32\bcrypt.dll
0x00007ffe67dc0000 - 0x00007ffe67dcc000 	C:\Windows\SYSTEM32\CRYPTBASE.dll
0x00007ffe67090000 - 0x00007ffe670bd000 	C:\Windows\SYSTEM32\IPHLPAPI.DLL
0x00007ffe6a3c0000 - 0x00007ffe6a3c9000 	C:\Windows\System32\NSI.dll
0x00007ffe629b0000 - 0x00007ffe629c9000 	C:\Windows\SYSTEM32\dhcpcsvc6.DLL
0x00007ffe62580000 - 0x00007ffe6259f000 	C:\Windows\SYSTEM32\dhcpcsvc.DLL
0x00007ffe670c0000 - 0x00007ffe671b9000 	C:\Windows\SYSTEM32\DNSAPI.dll

dbghelp: loaded successfully - version: 4.0.5 - missing functions: none
symbol engine: initialized successfully - sym options: 0x614 - pdb path: .;D:\TeraBox\Thý m?c m?i\jre\bin;C:\Windows\SYSTEM32;C:\Windows\WinSxS\amd64_microsoft.windows.common-controls_6595b64144ccf1df_6.0.22621.2506_none_270c5ae97388e100;D:\TeraBox\Thý m?c m?i\jre\bin\server;D:\TeraBox\Thý m?c m?i\jre\bin;D:\TeraBox\Thý m?c m?i\jre\bin\server;D:\TeraBox\Thý m?c m?i\jre\bin;D:\TeraBox\Thý m?c m?i\jre\bin\server;D:\TeraBox\Thý m?c m?i\jre\bin;D:\TeraBox\Thý m?c m?i\jre\bin\server;D:\TeraBox\Thý m?c m?i\jre\bin;D:\TeraBox\Thý m?c m?i\jre\bin\server;D:\TeraBox\Thý m?c m?i\jre\bin;D:\TeraBox\Thý m?c m?i\jre\bin\server;D:\TeraBox\Thý m?c m?i\jre\bin;D:\TeraBox\Thý m?c m?i\jre\bin\server;C:\Users\lebac\.gradle\native\e1d6ef7f7dcc3fd88c89a11ec53ec762bb8ba0a96d01ffa2cd45eb1d1d8dd5c5\windows-amd64;D:\TeraBox\Thý m?c m?i\jre\bin;D:\TeraBox\Thý m?c m?i\jre\bin\server;C:\Users\lebac\.gradle\native\0d407fdbe67a94daf76414ababcb853783967236a71b16ec16e742cd7a986fd3\windows-amd64;D:\TeraBox\Thý m?c m?i\jre\bin;D:\TeraBox\Thý m?c m?i\jre\bin\server;D:\TeraBox\Thý m?c m?i\jre\bin;D:\TeraBox\Thý m?c m?i\jre\bin\server;D:\TeraBox\Thý m?c m?i\jre\bin;D:\TeraBox\Thý m?c m?i\jre\bin\server

VM Arguments:
jvm_args: --add-opens=java.base/java.util=ALL-UNNAMED --add-opens=java.base/java.lang=ALL-UNNAMED --add-opens=java.base/java.lang.invoke=ALL-UNNAMED --add-opens=java.base/java.util=ALL-UNNAMED --add-opens=java.prefs/java.util.prefs=ALL-UNNAMED --add-opens=java.prefs/java.util.prefs=ALL-UNNAMED --add-opens=java.base/java.nio.charset=ALL-UNNAMED --add-opens=java.base/java.net=ALL-UNNAMED --add-opens=java.base/java.util.concurrent.atomic=ALL-UNNAMED -Xmx2048m -Dfile.encoding=UTF-8 -Duser.country=VN -Duser.language=vi -Duser.variant 
java_command: org.gradle.launcher.daemon.bootstrap.GradleDaemon 7.4
java_class_path (initial): C:\Users\lebac\.gradle\wrapper\dists\gradle-7.4-bin\c0gwcg53nkjbqw7r0h0umtfvt\gradle-7.4\lib\gradle-launcher-7.4.jar
Launcher Type: SUN_STANDARD

[Global flags]
     intx CICompilerCount                          = 12                                        {product} {ergonomic}
     uint ConcGCThreads                            = 3                                         {product} {ergonomic}
     uint G1ConcRefinementThreads                  = 13                                        {product} {ergonomic}
   size_t G1HeapRegionSize                         = 1048576                                   {product} {ergonomic}
    uintx GCDrainStackTargetSize                   = 64                                        {product} {ergonomic}
   size_t InitialHeapSize                          = 125829120                                 {product} {ergonomic}
   size_t MarkStackSize                            = 4194304                                   {product} {ergonomic}
   size_t MaxHeapSize                              = 2147483648                                {product} {command line}
   size_t MaxNewSize                               = 1287651328                                {product} {ergonomic}
   size_t MinHeapDeltaBytes                        = 1048576                                   {product} {ergonomic}
    uintx NonNMethodCodeHeapSize                   = 7594288                                {pd product} {ergonomic}
    uintx NonProfiledCodeHeapSize                  = 122031976                              {pd product} {ergonomic}
    uintx ProfiledCodeHeapSize                     = 122031976                              {pd product} {ergonomic}
    uintx ReservedCodeCacheSize                    = 251658240                              {pd product} {ergonomic}
     bool SegmentedCodeCache                       = true                                      {product} {ergonomic}
     bool UseCompressedClassPointers               = true                                 {lp64_product} {ergonomic}
     bool UseCompressedOops                        = true                                 {lp64_product} {ergonomic}
     bool UseG1GC                                  = true                                      {product} {ergonomic}
     bool UseLargePagesIndividualAllocation        = false                                  {pd product} {ergonomic}

Logging:
Log output configuration:
 #0: stdout all=warning uptime,level,tags
 #1: stderr all=off uptime,level,tags

Environment Variables:
PATH=C:\Program Files\Microsoft MPI\Bin\;C:\ProgramData\Oracle\Java\javapath;C:\Windows\system32;C:\Windows;C:\Windows\System32\Wbem;C:\Windows\System32\WindowsPowerShell\v1.0\;C:\Windows\System32\OpenSSH\;C:\MinGW\bin;C:\msys64\mingw64\bin;C:\Program Files\Java\jdk1.8.0_77\bin;C:\Program Files\Git\cmd;C:\Program Files\Microsoft SQL Server\150\Tools\Binn\;C:\Program Files\Microsoft SQL Server\Client SDK\ODBC\170\Tools\Binn\;C:\Program Files\dotnet\;C:\Program Files (x86)\Microsoft SQL Server\160\Tools\Binn\;C:\Program Files\Microsoft SQL Server\160\Tools\Binn\;C:\Program Files\Microsoft SQL Server\160\DTS\Binn\;C:\Program Files\Azure Data Studio\bin;C:\Program Files (x86)\Microsoft SQL Server\160\DTS\Binn\;C:\Users\lebac\AppData\Local\Microsoft\WindowsApps;D:\Microsoft VS Code\bin;C:\Program Files\Java\jdk1.8.0_77\bin;C:\Users\lebac\AppData\Local\GitHubDesktop\bin;D:\IntelliJ IDEA 2023.2.1\bin;;D:\java\IntelliJ IDEA Community Edition 2023.2.1\bin;;C:\Users\lebac\.dotnet\tools;C:\Program Files\Azure Data Studio\bin
USERNAME=lebac
OS=Windows_NT
PROCESSOR_IDENTIFIER=AMD64 Family 23 Model 104 Stepping 1, AuthenticAMD



---------------  S Y S T E M  ---------------

OS: Windows 11 , 64 bit Build 22621 (10.0.22621.2506)
OS uptime: 12 days 8:59 hours
Hyper-V role detected

CPU:total 16 (initial active 16) (16 cores per cpu, 2 threads per core) family 23 model 104 stepping 1 microcode 0x0, cmov, cx8, fxsr, mmx, sse, sse2, sse3, ssse3, sse4.1, sse4.2, popcnt, avx, avx2, aes, clmul, mmxext, 3dnowpref, lzcnt, sse4a, ht, tsc, tscinvbit, tscinv, bmi1, bmi2, adx, sha, fma

Memory: 4k page, system-wide physical 7563M (224M free)
TotalPageFile size 15563M (AvailPageFile size 11M)
current process WorkingSet (physical memory assigned to process): 249M, peak: 249M
current process commit charge ("private bytes"): 313M, peak: 334M

vm_info: OpenJDK 64-Bit Server VM (11.0.13+0-b1751.21-8125866) for windows-amd64 JRE (11.0.13+0-b1751.21-8125866), built on Feb  2 2022 03:00:22 by "builder" with MS VC++ 14.0 (VS2015)

END.
